Build started 10/1/2014 7:10:02 PM.
     1>Project "D:\exercism.io\cpp\bob\bob.vcxproj" on node 2 (Build target(s)).
     1>ClCompile:
         C:\Program Files (x86)\Microsoft Visual Studio 12.0\VC\bin\CL.exe /c /I"C:\Program Files (x86)\Boost\boost_1_56_0" /Zi /nologo /W3 /WX- /Od /Ob0 /Oy- /D WIN32 /D _WINDOWS /D _DEBUG /D "CMAKE_INTDIR=\"Debug\"" /D _MBCS /Gm- /EHsc /RTC1 /MDd /GS /fp:precise /Zc:wchar_t /Zc:forScope /GR /Fo"bob.dir\Debug\\" /Fd"bob.dir\Debug\vc120.pdb" /Gd /TP /analyze- /errorReport:prompt bob.cpp
         bob.cpp
     1>bob.cpp(102): warning C4018: '<=' : signed/unsigned mismatch
       Link:
         C:\Program Files (x86)\Microsoft Visual Studio 12.0\VC\bin\link.exe /ERRORREPORT:PROMPT /OUT:"D:\exercism.io\cpp\bob\Debug\bob.exe" /INCREMENTAL /NOLOGO kernel32.lib user32.lib gdi32.lib winspool.lib shell32.lib ole32.lib oleaut32.lib uuid.lib comdlg32.lib advapi32.lib "C:\Program Files (x86)\Boost\boost_1_56_0\stage\lib\libboost_unit_test_framework-vc120-mt-gd-1_56.lib" "C:\Program Files (x86)\Boost\boost_1_56_0\stage\lib\libboost_date_time-vc120-mt-gd-1_56.lib" "C:\Program Files (x86)\Boost\boost_1_56_0\stage\lib\libboost_regex-vc120-mt-gd-1_56.lib" /MANIFEST /MANIFESTUAC:"level='asInvoker' uiAccess='false'" /manifest:embed /DEBUG /PDB:"D:/exercism.io/cpp/bob/Debug/bob.pdb" /SUBSYSTEM:CONSOLE /TLBID:1 /DYNAMICBASE /NXCOMPAT /IMPLIB:"D:/exercism.io/cpp/bob/Debug/bob.lib" /MACHINE:X86 /SAFESEH  /machine:X86 /debug bob.dir\Debug\bob_test.obj
         bob.dir\Debug\bob.obj
         bob.vcxproj -> D:\exercism.io\cpp\bob\Debug\bob.exe
       PostBuildEvent:
         setlocal
         Debug\bob.exe
         if %errorlevel% neq 0 goto :cmEnd
         :cmEnd
         endlocal & call :cmErrorLevel %errorlevel% & goto :cmDone
         :cmErrorLevel
         exit /b %1
         :cmDone
         if %errorlevel% neq 0 goto :VCEnd
         :VCEnd
         Running 14 test cases...
         unknown location(0): fatal error in "silence": C:\Program Files (x86)\Microsoft Visual Studio 12.0\VC\include\xstring(1698) : Assertion failed: string subscript out of range
         
         bob_test.cpp(72): last checkpoint
         
         *** 1 failure detected in test suite "Master Test Suite"
     1>C:\Program Files (x86)\MSBuild\Microsoft.Cpp\v4.0\V120\Microsoft.CppCommon.targets(132,5): error MSB3073: The command "setlocal
C:\Program Files (x86)\MSBuild\Microsoft.Cpp\v4.0\V120\Microsoft.CppCommon.targets(132,5): error MSB3073: Debug\bob.exe
C:\Program Files (x86)\MSBuild\Microsoft.Cpp\v4.0\V120\Microsoft.CppCommon.targets(132,5): error MSB3073: if %errorlevel% neq 0 goto :cmEnd
C:\Program Files (x86)\MSBuild\Microsoft.Cpp\v4.0\V120\Microsoft.CppCommon.targets(132,5): error MSB3073: :cmEnd
C:\Program Files (x86)\MSBuild\Microsoft.Cpp\v4.0\V120\Microsoft.CppCommon.targets(132,5): error MSB3073: endlocal & call :cmErrorLevel %errorlevel% & goto :cmDone
C:\Program Files (x86)\MSBuild\Microsoft.Cpp\v4.0\V120\Microsoft.CppCommon.targets(132,5): error MSB3073: :cmErrorLevel
C:\Program Files (x86)\MSBuild\Microsoft.Cpp\v4.0\V120\Microsoft.CppCommon.targets(132,5): error MSB3073: exit /b %1
C:\Program Files (x86)\MSBuild\Microsoft.Cpp\v4.0\V120\Microsoft.CppCommon.targets(132,5): error MSB3073: :cmDone
C:\Program Files (x86)\MSBuild\Microsoft.Cpp\v4.0\V120\Microsoft.CppCommon.targets(132,5): error MSB3073: if %errorlevel% neq 0 goto :VCEnd
C:\Program Files (x86)\MSBuild\Microsoft.Cpp\v4.0\V120\Microsoft.CppCommon.targets(132,5): error MSB3073: :VCEnd" exited with code 201.
     1>Done Building Project "D:\exercism.io\cpp\bob\bob.vcxproj" (Build target(s)) -- FAILED.

Build FAILED.

Time Elapsed 00:00:18.54
